<?xml version="1.0" encoding="UTF-8"?>
<!-- Generated by org.testng.reporters.JUnitReportReporter -->
<testsuite skipped="0" hostname="Satish-PC" name="com.selenium.Launch" tests="1" failures="0" timestamp="28 Nov 2017 19:08:36 GMT" time="8.030" errors="0">
  <testcase name="page" time="8.030" classname="com.selenium.Launch"/>
</testsuite> <!-- com.selenium.Launch -->
