<?xml version="1.0" encoding="UTF-8"?>
<!-- Generated by org.testng.reporters.JUnitReportReporter -->
<testsuite skipped="0" hostname="Satish-PC" name="com.selenium.Launch" tests="1" failures="0" timestamp="29 Nov 2017 07:52:15 GMT" time="9.919" errors="0">
  <testcase name="page" time="9.919" classname="com.selenium.Launch"/>
</testsuite> <!-- com.selenium.Launch -->
